<?xml version="1.0" encoding="UTF-8"?>
<testsuite name="ru.barancev.testing.TestPoint" tests="1" skipped="0" failures="0" errors="0" timestamp="2020-02-14T01:59:31" hostname="SENSE" time="0.009">
  <properties/>
  <testcase name="testDistance" classname="ru.barancev.testing.TestPoint" time="0.009"/>
  <system-out><![CDATA[]]></system-out>
  <system-err><![CDATA[]]></system-err>
</testsuite>
